<?xml version="1.0" encoding="UTF-8"?>
<!-- Generated by org.testng.reporters.JUnitXMLReporter -->
<testsuite hostname="ASDP1534PO01976" name="Default test" tests="6" failures="0" timestamp="4 Sep 2018 11:19:27 GMT" time="11.521" errors="0">
  <testcase name="LoginWithNullPasswordAndNullUserName" time="0.292" classname="com.qait.automation.TatocPageObject.AppTest"/>
  <testcase name="LoginWithNullPasswordAndValidUserName" time="0.259" classname="com.qait.automation.TatocPageObject.AppTest"/>
  <testcase name="LoginWithValidPasswordAndNullUserName" time="0.217" classname="com.qait.automation.TatocPageObject.AppTest"/>
  <testcase name="LoginWithinvalidPasswordAndvalidUserName" time="0.548" classname="com.qait.automation.TatocPageObject.AppTest"/>
  <testcase name="LoginWithvalidPasswordAndinvalidUserName" time="0.516" classname="com.qait.automation.TatocPageObject.AppTest"/>
  <testcase name="LoginWithvalidPasswordAndvalidUserName" time="7.14" classname="com.qait.automation.TatocPageObject.AppTest"/>
</testsuite> <!-- Default test -->
